빌드 시작: 2014-11-16 오후 12:35:23
     1>3 노드의 "D:\work2\protobuf-2.6.1\protobuf-2.6.1\vsprojects\libprotobuf-lite.vcxproj" 프로젝트(Rebuild 대상)입니다.
     1>ClCompile:
         C:\Program Files (x86)\Microsoft Visual Studio 12.0\VC\bin\CL.exe /c /I../src /I. /I"C:\Program Files (x86)\Visual Leak Detector\include" /ZI /nologo /W3 /WX- /Od /Oy- /D WIN32 /D _DEBUG /D _WINDOWS /D _USRDLL /D LIBPROTOBUF_EXPORTS /Gm /EHsc /RTC1 /MDd /GS /fp:precise /Zc:wchar_t /Zc:forScope /Fo"Debug\\" /Fd"Debug\vc120.pdb" /Gd /TP /analyze- /errorReport:prompt /wd4244 /wd4267 /wd4018 /wd4355 /wd4800 /wd4251 /wd4996 /wd4146 /wd4305 ..\src\google\protobuf\extension_set.cc ..\src\google\protobuf\generated_message_util.cc ..\src\google\protobuf\io\coded_stream.cc ..\src\google\protobuf\io\zero_copy_stream.cc ..\src\google\protobuf\io\zero_copy_stream_impl_lite.cc ..\src\google\protobuf\message_lite.cc ..\src\google\protobuf\repeated_field.cc ..\src\google\protobuf\stubs\atomicops_internals_x86_msvc.cc ..\src\google\protobuf\stubs\common.cc ..\src\google\protobuf\stubs\once.cc ..\src\google\protobuf\stubs\stringprintf.cc ..\src\google\protobuf\wire_format_lite.cc
     1>cl : 명령줄 warning D9028: 최소 다시 빌드에 실패했습니다. 정상 빌드로 되돌립니다.
         extension_set.cc
     1>d:\work2\protobuf-2.6.1\protobuf-2.6.1\src\google\protobuf\extension_set.cc : fatal error C1041: 프로그램 데이터베이스 'd:\work2\protobuf-2.6.1\protobuf-2.6.1\vsprojects\debug\vc120.pdb'을(를) 열 수 없습니다. 여러 CL.EXE에서 동일한 .PDB 파일에 쓰는 경우 /FS를 사용하십시오.
         generated_message_util.cc
     1>d:\work2\protobuf-2.6.1\protobuf-2.6.1\src\google\protobuf\generated_message_util.cc : fatal error C1041: 프로그램 데이터베이스 'd:\work2\protobuf-2.6.1\protobuf-2.6.1\vsprojects\debug\vc120.pdb'을(를) 열 수 없습니다. 여러 CL.EXE에서 동일한 .PDB 파일에 쓰는 경우 /FS를 사용하십시오.
         coded_stream.cc
     1>d:\work2\protobuf-2.6.1\protobuf-2.6.1\src\google\protobuf\io\coded_stream.cc : fatal error C1041: 프로그램 데이터베이스 'd:\work2\protobuf-2.6.1\protobuf-2.6.1\vsprojects\debug\vc120.pdb'을(를) 열 수 없습니다. 여러 CL.EXE에서 동일한 .PDB 파일에 쓰는 경우 /FS를 사용하십시오.
         zero_copy_stream.cc
     1>d:\work2\protobuf-2.6.1\protobuf-2.6.1\src\google\protobuf\io\zero_copy_stream.cc : fatal error C1041: 프로그램 데이터베이스 'd:\work2\protobuf-2.6.1\protobuf-2.6.1\vsprojects\debug\vc120.pdb'을(를) 열 수 없습니다. 여러 CL.EXE에서 동일한 .PDB 파일에 쓰는 경우 /FS를 사용하십시오.
         zero_copy_stream_impl_lite.cc
     1>d:\work2\protobuf-2.6.1\protobuf-2.6.1\src\google\protobuf\io\zero_copy_stream_impl_lite.cc : fatal error C1041: 프로그램 데이터베이스 'd:\work2\protobuf-2.6.1\protobuf-2.6.1\vsprojects\debug\vc120.pdb'을(를) 열 수 없습니다. 여러 CL.EXE에서 동일한 .PDB 파일에 쓰는 경우 /FS를 사용하십시오.
         message_lite.cc
     1>d:\work2\protobuf-2.6.1\protobuf-2.6.1\src\google\protobuf\message_lite.cc : fatal error C1041: 프로그램 데이터베이스 'd:\work2\protobuf-2.6.1\protobuf-2.6.1\vsprojects\debug\vc120.pdb'을(를) 열 수 없습니다. 여러 CL.EXE에서 동일한 .PDB 파일에 쓰는 경우 /FS를 사용하십시오.
         repeated_field.cc
     1>d:\work2\protobuf-2.6.1\protobuf-2.6.1\src\google\protobuf\repeated_field.cc : fatal error C1041: 프로그램 데이터베이스 'd:\work2\protobuf-2.6.1\protobuf-2.6.1\vsprojects\debug\vc120.pdb'을(를) 열 수 없습니다. 여러 CL.EXE에서 동일한 .PDB 파일에 쓰는 경우 /FS를 사용하십시오.
         atomicops_internals_x86_msvc.cc
     1>d:\work2\protobuf-2.6.1\protobuf-2.6.1\src\google\protobuf\stubs\atomicops_internals_x86_msvc.cc : fatal error C1041: 프로그램 데이터베이스 'd:\work2\protobuf-2.6.1\protobuf-2.6.1\vsprojects\debug\vc120.pdb'을(를) 열 수 없습니다. 여러 CL.EXE에서 동일한 .PDB 파일에 쓰는 경우 /FS를 사용하십시오.
         common.cc
     1>d:\work2\protobuf-2.6.1\protobuf-2.6.1\src\google\protobuf\stubs\common.cc : fatal error C1041: 프로그램 데이터베이스 'd:\work2\protobuf-2.6.1\protobuf-2.6.1\vsprojects\debug\vc120.pdb'을(를) 열 수 없습니다. 여러 CL.EXE에서 동일한 .PDB 파일에 쓰는 경우 /FS를 사용하십시오.
         once.cc
     1>d:\work2\protobuf-2.6.1\protobuf-2.6.1\src\google\protobuf\stubs\once.cc : fatal error C1041: 프로그램 데이터베이스 'd:\work2\protobuf-2.6.1\protobuf-2.6.1\vsprojects\debug\vc120.pdb'을(를) 열 수 없습니다. 여러 CL.EXE에서 동일한 .PDB 파일에 쓰는 경우 /FS를 사용하십시오.
         stringprintf.cc
     1>d:\work2\protobuf-2.6.1\protobuf-2.6.1\src\google\protobuf\stubs\stringprintf.cc : fatal error C1041: 프로그램 데이터베이스 'd:\work2\protobuf-2.6.1\protobuf-2.6.1\vsprojects\debug\vc120.pdb'을(를) 열 수 없습니다. 여러 CL.EXE에서 동일한 .PDB 파일에 쓰는 경우 /FS를 사용하십시오.
         wire_format_lite.cc
     1>d:\work2\protobuf-2.6.1\protobuf-2.6.1\src\google\protobuf\wire_format_lite.cc : fatal error C1041: 프로그램 데이터베이스 'd:\work2\protobuf-2.6.1\protobuf-2.6.1\vsprojects\debug\vc120.pdb'을(를) 열 수 없습니다. 여러 CL.EXE에서 동일한 .PDB 파일에 쓰는 경우 /FS를 사용하십시오.
         코드를 생성하고 있습니다...
     1>"D:\work2\protobuf-2.6.1\protobuf-2.6.1\vsprojects\libprotobuf-lite.vcxproj" 프로젝트를 빌드했습니다(Rebuild 대상). - 실패

빌드하지 못했습니다.

경과 시간: 00:00:00.73
