빌드 시작: 2014-11-16 오후 12:35:23
     1>2 노드의 "D:\work2\protobuf-2.6.1\protobuf-2.6.1\vsprojects\libprotobuf.vcxproj" 프로젝트(Rebuild 대상)입니다.
     1>ClCompile:
         C:\Program Files (x86)\Microsoft Visual Studio 12.0\VC\bin\CL.exe /c /I../src /I. /I"C:\Program Files (x86)\Visual Leak Detector\include" /ZI /nologo /W3 /WX- /Od /Oy- /D WIN32 /D _DEBUG /D _WINDOWS /D _USRDLL /D LIBPROTOBUF_EXPORTS /Gm /EHsc /RTC1 /MDd /GS /fp:precise /Zc:wchar_t /Zc:forScope /Fo"Debug\\" /Fd"Debug\vc120.pdb" /Gd /TP /analyze- /errorReport:prompt /wd4244 /wd4267 /wd4018 /wd4355 /wd4800 /wd4251 /wd4996 /wd4146 /wd4305 ..\src\google\protobuf\compiler\importer.cc ..\src\google\protobuf\compiler\parser.cc ..\src\google\protobuf\descriptor.cc ..\src\google\protobuf\descriptor.pb.cc ..\src\google\protobuf\descriptor_database.cc ..\src\google\protobuf\dynamic_message.cc ..\src\google\protobuf\extension_set.cc ..\src\google\protobuf\extension_set_heavy.cc ..\src\google\protobuf\generated_message_reflection.cc ..\src\google\protobuf\generated_message_util.cc ..\src\google\protobuf\io\coded_stream.cc ..\src\google\protobuf\io\gzip_stream.cc ..\src\google\protobuf\io\printer.cc ..\src\google\protobuf\io\strtod.cc ..\src\google\protobuf\io\tokenizer.cc ..\src\google\protobuf\io\zero_copy_stream.cc ..\src\google\protobuf\io\zero_copy_stream_impl.cc ..\src\google\protobuf\io\zero_copy_stream_impl_lite.cc ..\src\google\protobuf\message.cc ..\src\google\protobuf\message_lite.cc ..\src\google\protobuf\reflection_ops.cc ..\src\google\protobuf\repeated_field.cc ..\src\google\protobuf\service.cc ..\src\google\protobuf\stubs\atomicops_internals_x86_msvc.cc ..\src\google\protobuf\stubs\common.cc ..\src\google\protobuf\stubs\once.cc ..\src\google\protobuf\stubs\stringprintf.cc ..\src\google\protobuf\stubs\structurally_valid.cc ..\src\google\protobuf\stubs\strutil.cc ..\src\google\protobuf\stubs\substitute.cc ..\src\google\protobuf\text_format.cc ..\src\google\protobuf\unknown_field_set.cc ..\src\google\protobuf\wire_format.cc ..\src\google\protobuf\wire_format_lite.cc
         wire_format_lite.cc
         wire_format.cc
         unknown_field_set.cc
         text_format.cc
         substitute.cc
         strutil.cc
         structurally_valid.cc
         stringprintf.cc
         once.cc
         common.cc
         atomicops_internals_x86_msvc.cc
         service.cc
         repeated_field.cc
         reflection_ops.cc
         message_lite.cc
         message.cc
         zero_copy_stream_impl_lite.cc
         zero_copy_stream_impl.cc
         zero_copy_stream.cc
         tokenizer.cc
         코드를 생성하고 있습니다...
         컴파일하고 있습니다...
         strtod.cc
         printer.cc
         gzip_stream.cc
         coded_stream.cc
         generated_message_util.cc
         generated_message_reflection.cc
         extension_set_heavy.cc
         extension_set.cc
         dynamic_message.cc
         descriptor_database.cc
         descriptor.pb.cc
         descriptor.cc
         parser.cc
         importer.cc
         코드를 생성하고 있습니다...
     1>d:\work2\protobuf-2.6.1\protobuf-2.6.1\src\google\protobuf\extension_set.cc(74): warning C4715: 'google::protobuf::internal::`anonymous namespace'::is_packable' : 모든 제어 경로에서 값을 반환하지는 않습니다.
       Lib:
         C:\Program Files (x86)\Microsoft Visual Studio 12.0\VC\bin\Lib.exe /OUT:"Debug\libprotobuf.lib" /LIBPATH:"C:\Program Files (x86)\Visual Leak Detector\lib\Win32" /NOLOGO Debug\importer.obj
         Debug\parser.obj
         Debug\descriptor.obj
         Debug\descriptor.pb.obj
         Debug\descriptor_database.obj
         Debug\dynamic_message.obj
         Debug\extension_set.obj
         Debug\extension_set_heavy.obj
         Debug\generated_message_reflection.obj
         Debug\generated_message_util.obj
         Debug\coded_stream.obj
         Debug\gzip_stream.obj
         Debug\printer.obj
         Debug\strtod.obj
         Debug\tokenizer.obj
         Debug\zero_copy_stream.obj
         Debug\zero_copy_stream_impl.obj
         Debug\zero_copy_stream_impl_lite.obj
         Debug\message.obj
         Debug\message_lite.obj
         Debug\reflection_ops.obj
         Debug\repeated_field.obj
         Debug\service.obj
         Debug\atomicops_internals_x86_msvc.obj
         Debug\common.obj
         Debug\once.obj
         Debug\stringprintf.obj
         Debug\structurally_valid.obj
         Debug\strutil.obj
         Debug\substitute.obj
         Debug\text_format.obj
         Debug\unknown_field_set.obj
         Debug\wire_format.obj
         Debug\wire_format_lite.obj
         libprotobuf.vcxproj -> D:\work2\protobuf-2.6.1\protobuf-2.6.1\vsprojects\Debug\libprotobuf.lib
     1>"D:\work2\protobuf-2.6.1\protobuf-2.6.1\vsprojects\libprotobuf.vcxproj" 프로젝트를 빌드했습니다(Rebuild 대상).

빌드했습니다.

경과 시간: 00:00:24.06
