빌드 시작: 2014-11-16 오후 12:36:07
     1>3 노드의 "D:\work2\protobuf-2.6.1\protobuf-2.6.1\vsprojects\protoc.vcxproj" 프로젝트(Rebuild 대상)입니다.
     1>C:\Program Files (x86)\MSBuild\Microsoft.Cpp\v4.0\V120\Microsoft.CppBuild.targets(388,5): warning MSB8028: The intermediate directory (Debug\) contains files shared from another project (libprotobuf-lite.vcxproj, libprotobuf.vcxproj, libprotoc.vcxproj).  This can lead to incorrect clean and rebuild behavior.
     1>ClCompile:
         C:\Program Files (x86)\Microsoft Visual Studio 12.0\VC\bin\CL.exe /c /I../src /I. /I"C:\Program Files (x86)\Visual Leak Detector\include" /ZI /nologo /W3 /WX- /Od /Oy- /D WIN32 /D _DEBUG /D _CONSOLE /Gm /EHsc /RTC1 /MDd /GS /fp:precise /Zc:wchar_t /Zc:forScope /Fo"Debug\\" /Fd"Debug\vc120.pdb" /Gd /TP /analyze- /errorReport:prompt /wd4244 /wd4267 /wd4018 /wd4355 /wd4800 /wd4251 /wd4996 /wd4146 /wd4305 ..\src\google\protobuf\compiler\main.cc
         main.cc
       Link:
         C:\Program Files (x86)\Microsoft Visual Studio 12.0\VC\bin\link.exe /ERRORREPORT:PROMPT /OUT:"Debug\protoc.exe" /INCREMENTAL /NOLOGO /LIBPATH:"C:\Program Files (x86)\Visual Leak Detector\lib\Win32" kernel32.lib user32.lib gdi32.lib winspool.lib comdlg32.lib advapi32.lib shell32.lib ole32.lib oleaut32.lib uuid.lib odbc32.lib odbccp32.lib /MANIFEST /MANIFESTUAC:"level='asInvoker' uiAccess='false'" /manifest:embed /DEBUG /PDB:"Debug\protoc.pdb" /SUBSYSTEM:CONSOLE /TLBID:1 /DYNAMICBASE /NXCOMPAT /IMPLIB:"Debug\protoc.lib" /MACHINE:X86 /SAFESEH Debug\main.obj
         "D:\work2\protobuf-2.6.1\protobuf-2.6.1\vsprojects\Debug\libprotobuf.lib"
         "D:\work2\protobuf-2.6.1\protobuf-2.6.1\vsprojects\Debug\libprotoc.lib"
     1>main.obj : warning LNK4075: '/EDITANDCONTINUE'이(가) '/SAFESEH' 사양으로 인해 무시됩니다.
     1>main.obj : warning LNK4204: 'D:\work2\protobuf-2.6.1\protobuf-2.6.1\vsprojects\Debug\vc120.pdb'에 참조 모듈에 대한 디버깅 정보가 없습니다. 디버깅 정보가 없는 것처럼 개체를 링크합니다.
     1>libprotobuf.lib(importer.obj) : warning LNK4204: 'D:\work2\protobuf-2.6.1\protobuf-2.6.1\vsprojects\Debug\vc120.pdb'에 참조 모듈에 대한 디버깅 정보가 없습니다. 디버깅 정보가 없는 것처럼 개체를 링크합니다.
     1>libprotobuf.lib(parser.obj) : warning LNK4204: 'D:\work2\protobuf-2.6.1\protobuf-2.6.1\vsprojects\Debug\vc120.pdb'에 참조 모듈에 대한 디버깅 정보가 없습니다. 디버깅 정보가 없는 것처럼 개체를 링크합니다.
     1>libprotobuf.lib(descriptor.obj) : warning LNK4204: 'D:\work2\protobuf-2.6.1\protobuf-2.6.1\vsprojects\Debug\vc120.pdb'에 참조 모듈에 대한 디버깅 정보가 없습니다. 디버깅 정보가 없는 것처럼 개체를 링크합니다.
     1>libprotobuf.lib(descriptor.pb.obj) : warning LNK4204: 'D:\work2\protobuf-2.6.1\protobuf-2.6.1\vsprojects\Debug\vc120.pdb'에 참조 모듈에 대한 디버깅 정보가 없습니다. 디버깅 정보가 없는 것처럼 개체를 링크합니다.
     1>libprotobuf.lib(descriptor_database.obj) : warning LNK4204: 'D:\work2\protobuf-2.6.1\protobuf-2.6.1\vsprojects\Debug\vc120.pdb'에 참조 모듈에 대한 디버깅 정보가 없습니다. 디버깅 정보가 없는 것처럼 개체를 링크합니다.
     1>libprotobuf.lib(dynamic_message.obj) : warning LNK4204: 'D:\work2\protobuf-2.6.1\protobuf-2.6.1\vsprojects\Debug\vc120.pdb'에 참조 모듈에 대한 디버깅 정보가 없습니다. 디버깅 정보가 없는 것처럼 개체를 링크합니다.
     1>libprotobuf.lib(extension_set.obj) : warning LNK4204: 'D:\work2\protobuf-2.6.1\protobuf-2.6.1\vsprojects\Debug\vc120.pdb'에 참조 모듈에 대한 디버깅 정보가 없습니다. 디버깅 정보가 없는 것처럼 개체를 링크합니다.
     1>libprotobuf.lib(extension_set_heavy.obj) : warning LNK4204: 'D:\work2\protobuf-2.6.1\protobuf-2.6.1\vsprojects\Debug\vc120.pdb'에 참조 모듈에 대한 디버깅 정보가 없습니다. 디버깅 정보가 없는 것처럼 개체를 링크합니다.
     1>libprotobuf.lib(generated_message_reflection.obj) : warning LNK4204: 'D:\work2\protobuf-2.6.1\protobuf-2.6.1\vsprojects\Debug\vc120.pdb'에 참조 모듈에 대한 디버깅 정보가 없습니다. 디버깅 정보가 없는 것처럼 개체를 링크합니다.
     1>libprotobuf.lib(generated_message_util.obj) : warning LNK4204: 'D:\work2\protobuf-2.6.1\protobuf-2.6.1\vsprojects\Debug\vc120.pdb'에 참조 모듈에 대한 디버깅 정보가 없습니다. 디버깅 정보가 없는 것처럼 개체를 링크합니다.
     1>libprotobuf.lib(coded_stream.obj) : warning LNK4204: 'D:\work2\protobuf-2.6.1\protobuf-2.6.1\vsprojects\Debug\vc120.pdb'에 참조 모듈에 대한 디버깅 정보가 없습니다. 디버깅 정보가 없는 것처럼 개체를 링크합니다.
     1>libprotobuf.lib(printer.obj) : warning LNK4204: 'D:\work2\protobuf-2.6.1\protobuf-2.6.1\vsprojects\Debug\vc120.pdb'에 참조 모듈에 대한 디버깅 정보가 없습니다. 디버깅 정보가 없는 것처럼 개체를 링크합니다.
     1>libprotobuf.lib(strtod.obj) : warning LNK4204: 'D:\work2\protobuf-2.6.1\protobuf-2.6.1\vsprojects\Debug\vc120.pdb'에 참조 모듈에 대한 디버깅 정보가 없습니다. 디버깅 정보가 없는 것처럼 개체를 링크합니다.
     1>libprotobuf.lib(tokenizer.obj) : warning LNK4204: 'D:\work2\protobuf-2.6.1\protobuf-2.6.1\vsprojects\Debug\vc120.pdb'에 참조 모듈에 대한 디버깅 정보가 없습니다. 디버깅 정보가 없는 것처럼 개체를 링크합니다.
     1>libprotobuf.lib(zero_copy_stream.obj) : warning LNK4204: 'D:\work2\protobuf-2.6.1\protobuf-2.6.1\vsprojects\Debug\vc120.pdb'에 참조 모듈에 대한 디버깅 정보가 없습니다. 디버깅 정보가 없는 것처럼 개체를 링크합니다.
     1>libprotobuf.lib(zero_copy_stream_impl.obj) : warning LNK4204: 'D:\work2\protobuf-2.6.1\protobuf-2.6.1\vsprojects\Debug\vc120.pdb'에 참조 모듈에 대한 디버깅 정보가 없습니다. 디버깅 정보가 없는 것처럼 개체를 링크합니다.
     1>libprotobuf.lib(zero_copy_stream_impl_lite.obj) : warning LNK4204: 'D:\work2\protobuf-2.6.1\protobuf-2.6.1\vsprojects\Debug\vc120.pdb'에 참조 모듈에 대한 디버깅 정보가 없습니다. 디버깅 정보가 없는 것처럼 개체를 링크합니다.
     1>libprotobuf.lib(message.obj) : warning LNK4204: 'D:\work2\protobuf-2.6.1\protobuf-2.6.1\vsprojects\Debug\vc120.pdb'에 참조 모듈에 대한 디버깅 정보가 없습니다. 디버깅 정보가 없는 것처럼 개체를 링크합니다.
     1>libprotobuf.lib(message_lite.obj) : warning LNK4204: 'D:\work2\protobuf-2.6.1\protobuf-2.6.1\vsprojects\Debug\vc120.pdb'에 참조 모듈에 대한 디버깅 정보가 없습니다. 디버깅 정보가 없는 것처럼 개체를 링크합니다.
     1>libprotobuf.lib(reflection_ops.obj) : warning LNK4204: 'D:\work2\protobuf-2.6.1\protobuf-2.6.1\vsprojects\Debug\vc120.pdb'에 참조 모듈에 대한 디버깅 정보가 없습니다. 디버깅 정보가 없는 것처럼 개체를 링크합니다.
     1>libprotobuf.lib(repeated_field.obj) : warning LNK4204: 'D:\work2\protobuf-2.6.1\protobuf-2.6.1\vsprojects\Debug\vc120.pdb'에 참조 모듈에 대한 디버깅 정보가 없습니다. 디버깅 정보가 없는 것처럼 개체를 링크합니다.
     1>libprotobuf.lib(atomicops_internals_x86_msvc.obj) : warning LNK4204: 'D:\work2\protobuf-2.6.1\protobuf-2.6.1\vsprojects\Debug\vc120.pdb'에 참조 모듈에 대한 디버깅 정보가 없습니다. 디버깅 정보가 없는 것처럼 개체를 링크합니다.
     1>libprotobuf.lib(common.obj) : warning LNK4204: 'D:\work2\protobuf-2.6.1\protobuf-2.6.1\vsprojects\Debug\vc120.pdb'에 참조 모듈에 대한 디버깅 정보가 없습니다. 디버깅 정보가 없는 것처럼 개체를 링크합니다.
     1>libprotobuf.lib(once.obj) : warning LNK4204: 'D:\work2\protobuf-2.6.1\protobuf-2.6.1\vsprojects\Debug\vc120.pdb'에 참조 모듈에 대한 디버깅 정보가 없습니다. 디버깅 정보가 없는 것처럼 개체를 링크합니다.
     1>libprotobuf.lib(stringprintf.obj) : warning LNK4204: 'D:\work2\protobuf-2.6.1\protobuf-2.6.1\vsprojects\Debug\vc120.pdb'에 참조 모듈에 대한 디버깅 정보가 없습니다. 디버깅 정보가 없는 것처럼 개체를 링크합니다.
     1>libprotobuf.lib(structurally_valid.obj) : warning LNK4204: 'D:\work2\protobuf-2.6.1\protobuf-2.6.1\vsprojects\Debug\vc120.pdb'에 참조 모듈에 대한 디버깅 정보가 없습니다. 디버깅 정보가 없는 것처럼 개체를 링크합니다.
     1>libprotobuf.lib(strutil.obj) : warning LNK4204: 'D:\work2\protobuf-2.6.1\protobuf-2.6.1\vsprojects\Debug\vc120.pdb'에 참조 모듈에 대한 디버깅 정보가 없습니다. 디버깅 정보가 없는 것처럼 개체를 링크합니다.
     1>libprotobuf.lib(substitute.obj) : warning LNK4204: 'D:\work2\protobuf-2.6.1\protobuf-2.6.1\vsprojects\Debug\vc120.pdb'에 참조 모듈에 대한 디버깅 정보가 없습니다. 디버깅 정보가 없는 것처럼 개체를 링크합니다.
     1>libprotobuf.lib(text_format.obj) : warning LNK4204: 'D:\work2\protobuf-2.6.1\protobuf-2.6.1\vsprojects\Debug\vc120.pdb'에 참조 모듈에 대한 디버깅 정보가 없습니다. 디버깅 정보가 없는 것처럼 개체를 링크합니다.
     1>libprotobuf.lib(unknown_field_set.obj) : warning LNK4204: 'D:\work2\protobuf-2.6.1\protobuf-2.6.1\vsprojects\Debug\vc120.pdb'에 참조 모듈에 대한 디버깅 정보가 없습니다. 디버깅 정보가 없는 것처럼 개체를 링크합니다.
     1>libprotobuf.lib(wire_format.obj) : warning LNK4204: 'D:\work2\protobuf-2.6.1\protobuf-2.6.1\vsprojects\Debug\vc120.pdb'에 참조 모듈에 대한 디버깅 정보가 없습니다. 디버깅 정보가 없는 것처럼 개체를 링크합니다.
     1>libprotobuf.lib(wire_format_lite.obj) : warning LNK4204: 'D:\work2\protobuf-2.6.1\protobuf-2.6.1\vsprojects\Debug\vc120.pdb'에 참조 모듈에 대한 디버깅 정보가 없습니다. 디버깅 정보가 없는 것처럼 개체를 링크합니다.
     1>libprotoc.lib(code_generator.obj) : warning LNK4204: 'D:\work2\protobuf-2.6.1\protobuf-2.6.1\vsprojects\Debug\vc120.pdb'에 참조 모듈에 대한 디버깅 정보가 없습니다. 디버깅 정보가 없는 것처럼 개체를 링크합니다.
     1>libprotoc.lib(command_line_interface.obj) : warning LNK4204: 'D:\work2\protobuf-2.6.1\protobuf-2.6.1\vsprojects\Debug\vc120.pdb'에 참조 모듈에 대한 디버깅 정보가 없습니다. 디버깅 정보가 없는 것처럼 개체를 링크합니다.
     1>libprotoc.lib(cpp_enum.obj) : warning LNK4204: 'D:\work2\protobuf-2.6.1\protobuf-2.6.1\vsprojects\Debug\vc120.pdb'에 참조 모듈에 대한 디버깅 정보가 없습니다. 디버깅 정보가 없는 것처럼 개체를 링크합니다.
     1>libprotoc.lib(cpp_enum_field.obj) : warning LNK4204: 'D:\work2\protobuf-2.6.1\protobuf-2.6.1\vsprojects\Debug\vc120.pdb'에 참조 모듈에 대한 디버깅 정보가 없습니다. 디버깅 정보가 없는 것처럼 개체를 링크합니다.
     1>libprotoc.lib(cpp_extension.obj) : warning LNK4204: 'D:\work2\protobuf-2.6.1\protobuf-2.6.1\vsprojects\Debug\vc120.pdb'에 참조 모듈에 대한 디버깅 정보가 없습니다. 디버깅 정보가 없는 것처럼 개체를 링크합니다.
     1>libprotoc.lib(cpp_field.obj) : warning LNK4204: 'D:\work2\protobuf-2.6.1\protobuf-2.6.1\vsprojects\Debug\vc120.pdb'에 참조 모듈에 대한 디버깅 정보가 없습니다. 디버깅 정보가 없는 것처럼 개체를 링크합니다.
     1>libprotoc.lib(cpp_file.obj) : warning LNK4204: 'D:\work2\protobuf-2.6.1\protobuf-2.6.1\vsprojects\Debug\vc120.pdb'에 참조 모듈에 대한 디버깅 정보가 없습니다. 디버깅 정보가 없는 것처럼 개체를 링크합니다.
     1>libprotoc.lib(cpp_generator.obj) : warning LNK4204: 'D:\work2\protobuf-2.6.1\protobuf-2.6.1\vsprojects\Debug\vc120.pdb'에 참조 모듈에 대한 디버깅 정보가 없습니다. 디버깅 정보가 없는 것처럼 개체를 링크합니다.
     1>libprotoc.lib(cpp_helpers.obj) : warning LNK4204: 'D:\work2\protobuf-2.6.1\protobuf-2.6.1\vsprojects\Debug\vc120.pdb'에 참조 모듈에 대한 디버깅 정보가 없습니다. 디버깅 정보가 없는 것처럼 개체를 링크합니다.
     1>libprotoc.lib(cpp_message.obj) : warning LNK4204: 'D:\work2\protobuf-2.6.1\protobuf-2.6.1\vsprojects\Debug\vc120.pdb'에 참조 모듈에 대한 디버깅 정보가 없습니다. 디버깅 정보가 없는 것처럼 개체를 링크합니다.
     1>libprotoc.lib(cpp_message_field.obj) : warning LNK4204: 'D:\work2\protobuf-2.6.1\protobuf-2.6.1\vsprojects\Debug\vc120.pdb'에 참조 모듈에 대한 디버깅 정보가 없습니다. 디버깅 정보가 없는 것처럼 개체를 링크합니다.
     1>libprotoc.lib(cpp_primitive_field.obj) : warning LNK4204: 'D:\work2\protobuf-2.6.1\protobuf-2.6.1\vsprojects\Debug\vc120.pdb'에 참조 모듈에 대한 디버깅 정보가 없습니다. 디버깅 정보가 없는 것처럼 개체를 링크합니다.
     1>libprotoc.lib(cpp_service.obj) : warning LNK4204: 'D:\work2\protobuf-2.6.1\protobuf-2.6.1\vsprojects\Debug\vc120.pdb'에 참조 모듈에 대한 디버깅 정보가 없습니다. 디버깅 정보가 없는 것처럼 개체를 링크합니다.
     1>libprotoc.lib(cpp_string_field.obj) : warning LNK4204: 'D:\work2\protobuf-2.6.1\protobuf-2.6.1\vsprojects\Debug\vc120.pdb'에 참조 모듈에 대한 디버깅 정보가 없습니다. 디버깅 정보가 없는 것처럼 개체를 링크합니다.
     1>libprotoc.lib(java_context.obj) : warning LNK4204: 'D:\work2\protobuf-2.6.1\protobuf-2.6.1\vsprojects\Debug\vc120.pdb'에 참조 모듈에 대한 디버깅 정보가 없습니다. 디버깅 정보가 없는 것처럼 개체를 링크합니다.
     1>libprotoc.lib(java_doc_comment.obj) : warning LNK4204: 'D:\work2\protobuf-2.6.1\protobuf-2.6.1\vsprojects\Debug\vc120.pdb'에 참조 모듈에 대한 디버깅 정보가 없습니다. 디버깅 정보가 없는 것처럼 개체를 링크합니다.
     1>libprotoc.lib(java_enum.obj) : warning LNK4204: 'D:\work2\protobuf-2.6.1\protobuf-2.6.1\vsprojects\Debug\vc120.pdb'에 참조 모듈에 대한 디버깅 정보가 없습니다. 디버깅 정보가 없는 것처럼 개체를 링크합니다.
     1>libprotoc.lib(java_enum_field.obj) : warning LNK4204: 'D:\work2\protobuf-2.6.1\protobuf-2.6.1\vsprojects\Debug\vc120.pdb'에 참조 모듈에 대한 디버깅 정보가 없습니다. 디버깅 정보가 없는 것처럼 개체를 링크합니다.
     1>libprotoc.lib(java_extension.obj) : warning LNK4204: 'D:\work2\protobuf-2.6.1\protobuf-2.6.1\vsprojects\Debug\vc120.pdb'에 참조 모듈에 대한 디버깅 정보가 없습니다. 디버깅 정보가 없는 것처럼 개체를 링크합니다.
     1>libprotoc.lib(java_field.obj) : warning LNK4204: 'D:\work2\protobuf-2.6.1\protobuf-2.6.1\vsprojects\Debug\vc120.pdb'에 참조 모듈에 대한 디버깅 정보가 없습니다. 디버깅 정보가 없는 것처럼 개체를 링크합니다.
     1>libprotoc.lib(java_file.obj) : warning LNK4204: 'D:\work2\protobuf-2.6.1\protobuf-2.6.1\vsprojects\Debug\vc120.pdb'에 참조 모듈에 대한 디버깅 정보가 없습니다. 디버깅 정보가 없는 것처럼 개체를 링크합니다.
     1>libprotoc.lib(java_generator.obj) : warning LNK4204: 'D:\work2\protobuf-2.6.1\protobuf-2.6.1\vsprojects\Debug\vc120.pdb'에 참조 모듈에 대한 디버깅 정보가 없습니다. 디버깅 정보가 없는 것처럼 개체를 링크합니다.
     1>libprotoc.lib(java_generator_factory.obj) : warning LNK4204: 'D:\work2\protobuf-2.6.1\protobuf-2.6.1\vsprojects\Debug\vc120.pdb'에 참조 모듈에 대한 디버깅 정보가 없습니다. 디버깅 정보가 없는 것처럼 개체를 링크합니다.
     1>libprotoc.lib(java_helpers.obj) : warning LNK4204: 'D:\work2\protobuf-2.6.1\protobuf-2.6.1\vsprojects\Debug\vc120.pdb'에 참조 모듈에 대한 디버깅 정보가 없습니다. 디버깅 정보가 없는 것처럼 개체를 링크합니다.
     1>libprotoc.lib(java_lazy_message_field.obj) : warning LNK4204: 'D:\work2\protobuf-2.6.1\protobuf-2.6.1\vsprojects\Debug\vc120.pdb'에 참조 모듈에 대한 디버깅 정보가 없습니다. 디버깅 정보가 없는 것처럼 개체를 링크합니다.
     1>libprotoc.lib(java_message.obj) : warning LNK4204: 'D:\work2\protobuf-2.6.1\protobuf-2.6.1\vsprojects\Debug\vc120.pdb'에 참조 모듈에 대한 디버깅 정보가 없습니다. 디버깅 정보가 없는 것처럼 개체를 링크합니다.
     1>libprotoc.lib(java_message_field.obj) : warning LNK4204: 'D:\work2\protobuf-2.6.1\protobuf-2.6.1\vsprojects\Debug\vc120.pdb'에 참조 모듈에 대한 디버깅 정보가 없습니다. 디버깅 정보가 없는 것처럼 개체를 링크합니다.
     1>libprotoc.lib(java_name_resolver.obj) : warning LNK4204: 'D:\work2\protobuf-2.6.1\protobuf-2.6.1\vsprojects\Debug\vc120.pdb'에 참조 모듈에 대한 디버깅 정보가 없습니다. 디버깅 정보가 없는 것처럼 개체를 링크합니다.
     1>libprotoc.lib(java_primitive_field.obj) : warning LNK4204: 'D:\work2\protobuf-2.6.1\protobuf-2.6.1\vsprojects\Debug\vc120.pdb'에 참조 모듈에 대한 디버깅 정보가 없습니다. 디버깅 정보가 없는 것처럼 개체를 링크합니다.
     1>libprotoc.lib(java_service.obj) : warning LNK4204: 'D:\work2\protobuf-2.6.1\protobuf-2.6.1\vsprojects\Debug\vc120.pdb'에 참조 모듈에 대한 디버깅 정보가 없습니다. 디버깅 정보가 없는 것처럼 개체를 링크합니다.
     1>libprotoc.lib(java_shared_code_generator.obj) : warning LNK4204: 'D:\work2\protobuf-2.6.1\protobuf-2.6.1\vsprojects\Debug\vc120.pdb'에 참조 모듈에 대한 디버깅 정보가 없습니다. 디버깅 정보가 없는 것처럼 개체를 링크합니다.
     1>libprotoc.lib(java_string_field.obj) : warning LNK4204: 'D:\work2\protobuf-2.6.1\protobuf-2.6.1\vsprojects\Debug\vc120.pdb'에 참조 모듈에 대한 디버깅 정보가 없습니다. 디버깅 정보가 없는 것처럼 개체를 링크합니다.
     1>libprotoc.lib(plugin.pb.obj) : warning LNK4204: 'D:\work2\protobuf-2.6.1\protobuf-2.6.1\vsprojects\Debug\vc120.pdb'에 참조 모듈에 대한 디버깅 정보가 없습니다. 디버깅 정보가 없는 것처럼 개체를 링크합니다.
     1>libprotoc.lib(python_generator.obj) : warning LNK4204: 'D:\work2\protobuf-2.6.1\protobuf-2.6.1\vsprojects\Debug\vc120.pdb'에 참조 모듈에 대한 디버깅 정보가 없습니다. 디버깅 정보가 없는 것처럼 개체를 링크합니다.
     1>libprotoc.lib(subprocess.obj) : warning LNK4204: 'D:\work2\protobuf-2.6.1\protobuf-2.6.1\vsprojects\Debug\vc120.pdb'에 참조 모듈에 대한 디버깅 정보가 없습니다. 디버깅 정보가 없는 것처럼 개체를 링크합니다.
     1>libprotoc.lib(zip_writer.obj) : warning LNK4204: 'D:\work2\protobuf-2.6.1\protobuf-2.6.1\vsprojects\Debug\vc120.pdb'에 참조 모듈에 대한 디버깅 정보가 없습니다. 디버깅 정보가 없는 것처럼 개체를 링크합니다.
         protoc.vcxproj -> D:\work2\protobuf-2.6.1\protobuf-2.6.1\vsprojects\Debug\protoc.exe
     1>"D:\work2\protobuf-2.6.1\protobuf-2.6.1\vsprojects\protoc.vcxproj" 프로젝트를 빌드했습니다(Rebuild 대상).

빌드했습니다.

경과 시간: 00:00:03.96
